[debug] [2026-06-01T02:35:42.842Z] ----------------------------------------------------------------------
[debug] [2026-06-01T02:35:42.848Z] Command:       C:\Program Files\nodejs\node.exe C:\Users\SEAH\AppData\Roaming\npm\node_modules\firebase-tools\lib\bin\firebase.js deploy --only functions
[debug] [2026-06-01T02:35:42.848Z] CLI Version:   15.5.1
[debug] [2026-06-01T02:35:42.849Z] Platform:      win32
[debug] [2026-06-01T02:35:42.849Z] Node Version:  v24.13.0
[debug] [2026-06-01T02:35:42.849Z] Time:          Mon Jun 01 2026 11:35:42 GMT+0900 (대한민국 표준시)
[debug] [2026-06-01T02:35:42.849Z] ----------------------------------------------------------------------
[debug] 
[debug] [2026-06-01T02:35:56.447Z] > command requires scopes: ["email","openid","https://www.googleapis.com/auth/cloudplatformprojects.readonly","https://www.googleapis.com/auth/firebase","https://www.googleapis.com/auth/cloud-platform"]
[debug] [2026-06-01T02:35:56.447Z] > authorizing via signed-in user (jonghyuk.lee@seah.co.kr)
[debug] [2026-06-01T02:35:56.448Z] [iam] checking project seah-quality2 for permissions ["cloudfunctions.functions.create","cloudfunctions.functions.delete","cloudfunctions.functions.get","cloudfunctions.functions.list","cloudfunctions.functions.update","cloudfunctions.operations.get","firebase.projects.get"]
[debug] [2026-06-01T02:35:56.449Z] Checked if tokens are valid: true, expires at: 1780284910321
[debug] [2026-06-01T02:35:56.449Z] Checked if tokens are valid: true, expires at: 1780284910321
[debug] [2026-06-01T02:35:56.450Z] >>> [apiv2][query] POST https://cloudresourcemanager.googleapis.com/v1/projects/seah-quality2:testIamPermissions [none]
[debug] [2026-06-01T02:35:56.450Z] >>> [apiv2][(partial)header] POST https://cloudresourcemanager.googleapis.com/v1/projects/seah-quality2:testIamPermissions  x-goog-user-project=seah-quality2
[debug] [2026-06-01T02:35:56.450Z] >>> [apiv2][body] POST https://cloudresourcemanager.googleapis.com/v1/projects/seah-quality2:testIamPermissions {"permissions":["cloudfunctions.functions.create","cloudfunctions.functions.delete","cloudfunctions.functions.get","cloudfunctions.functions.list","cloudfunctions.functions.update","cloudfunctions.operations.get","firebase.projects.get"]}
[debug] [2026-06-01T02:35:57.115Z] <<< [apiv2][status] POST https://cloudresourcemanager.googleapis.com/v1/projects/seah-quality2:testIamPermissions 200
[debug] [2026-06-01T02:35:57.115Z] <<< [apiv2][body] POST https://cloudresourcemanager.googleapis.com/v1/projects/seah-quality2:testIamPermissions {"permissions":["cloudfunctions.functions.create","cloudfunctions.functions.delete","cloudfunctions.functions.get","cloudfunctions.functions.list","cloudfunctions.functions.update","cloudfunctions.operations.get","firebase.projects.get"]}
[debug] [2026-06-01T02:35:57.115Z] Checked if tokens are valid: true, expires at: 1780284910321
[debug] [2026-06-01T02:35:57.115Z] Checked if tokens are valid: true, expires at: 1780284910321
[debug] [2026-06-01T02:35:57.115Z] >>> [apiv2][query] POST https://iam.googleapis.com/v1/projects/seah-quality2/serviceAccounts/seah-quality2@appspot.gserviceaccount.com:testIamPermissions [none]
[debug] [2026-06-01T02:35:57.115Z] >>> [apiv2][body] POST https://iam.googleapis.com/v1/projects/seah-quality2/serviceAccounts/seah-quality2@appspot.gserviceaccount.com:testIamPermissions {"permissions":["iam.serviceAccounts.actAs"]}
[debug] [2026-06-01T02:35:58.235Z] <<< [apiv2][status] POST https://iam.googleapis.com/v1/projects/seah-quality2/serviceAccounts/seah-quality2@appspot.gserviceaccount.com:testIamPermissions 200
[debug] [2026-06-01T02:35:58.235Z] <<< [apiv2][body] POST https://iam.googleapis.com/v1/projects/seah-quality2/serviceAccounts/seah-quality2@appspot.gserviceaccount.com:testIamPermissions {"permissions":["iam.serviceAccounts.actAs"]}
[info] 
[info] === Deploying to 'seah-quality2'...
[info] 
[info] i  deploying functions 
[debug] [2026-06-01T02:35:58.242Z] Checked if tokens are valid: true, expires at: 1780284910321
[debug] [2026-06-01T02:35:58.242Z] Checked if tokens are valid: true, expires at: 1780284910321
[debug] [2026-06-01T02:35:58.243Z] >>> [apiv2][query] GET https://cloudresourcemanager.googleapis.com/v1/projects/seah-quality2 [none]
[debug] [2026-06-01T02:35:58.507Z] <<< [apiv2][status] GET https://cloudresourcemanager.googleapis.com/v1/projects/seah-quality2 200
[debug] [2026-06-01T02:35:58.508Z] <<< [apiv2][body] GET https://cloudresourcemanager.googleapis.com/v1/projects/seah-quality2 {"projectNumber":"11833740311","projectId":"seah-quality2","lifecycleState":"ACTIVE","name":"seahcm-quality","labels":{"firebase":"enabled","firebase-core":"disabled"},"createTime":"2026-01-21T23:18:15.227228Z","parent":{"type":"folder","id":"161520966643"}}
[info] i  functions: preparing codebase default for deployment 
[info] i  functions: ensuring required API cloudfunctions.googleapis.com is enabled... 
[info] i  functions: ensuring required API cloudbuild.googleapis.com is enabled... 
[info] i  artifactregistry: ensuring required API artifactregistry.googleapis.com is enabled... 
[debug] [2026-06-01T02:35:58.513Z] Checked if tokens are valid: true, expires at: 1780284910321
[debug] [2026-06-01T02:35:58.513Z] Checked if tokens are valid: true, expires at: 1780284910321
[debug] [2026-06-01T02:35:58.513Z] >>> [apiv2][query] GET https://firebase.googleapis.com/v1beta1/projects/seah-quality2/adminSdkConfig [none]
[debug] [2026-06-01T02:35:59.529Z] <<< [apiv2][status] GET https://firebase.googleapis.com/v1beta1/projects/seah-quality2/adminSdkConfig 200
[debug] [2026-06-01T02:35:59.530Z] <<< [apiv2][body] GET https://firebase.googleapis.com/v1beta1/projects/seah-quality2/adminSdkConfig {"projectId":"seah-quality2","storageBucket":"seah-quality2.firebasestorage.app"}
[debug] [2026-06-01T02:35:59.530Z] Checked if tokens are valid: true, expires at: 1780284910321
[debug] [2026-06-01T02:35:59.530Z] Checked if tokens are valid: true, expires at: 1780284910321
[debug] [2026-06-01T02:35:59.530Z] >>> [apiv2][query] GET https://runtimeconfig.googleapis.com/v1beta1/projects/seah-quality2/configs [none]
[debug] [2026-06-01T02:35:59.969Z] <<< [apiv2][status] GET https://runtimeconfig.googleapis.com/v1beta1/projects/seah-quality2/configs 200
[debug] [2026-06-01T02:35:59.969Z] <<< [apiv2][body] GET https://runtimeconfig.googleapis.com/v1beta1/projects/seah-quality2/configs {}
[debug] [2026-06-01T02:35:59.985Z] Validating nodejs source
[warn] !  functions: Runtime Node.js 20 was deprecated on 2026-04-30 and will be decommissioned on 2026-10-30, after which you will not be able to deploy without upgrading. Consider upgrading now to avoid disruption. See https://cloud.google.com/functions/docs/runtime-support for full details on the lifecycle policy 
[warn] !  functions: Couldn't find firebase-functions package in your source code. Have you run 'npm install'? 
[debug] [2026-06-01T02:35:59.998Z] getFunctionsSDKVersion encountered error: Cannot find module 'firebase-functions'
Require stack:
- C:\Users\SEAH\AppData\Roaming\npm\node_modules\firebase-tools\lib\deploy\functions\runtimes\node\versioning.js
- C:\Users\SEAH\AppData\Roaming\npm\node_modules\firebase-tools\lib\deploy\functions\runtimes\node\index.js
- C:\Users\SEAH\AppData\Roaming\npm\node_modules\firebase-tools\lib\deploy\functions\runtimes\index.js
- C:\Users\SEAH\AppData\Roaming\npm\node_modules\firebase-tools\lib\deploy\functions\prepare.js
- C:\Users\SEAH\AppData\Roaming\npm\node_modules\firebase-tools\lib\emulator\functionsEmulatorShared.js
- C:\Users\SEAH\AppData\Roaming\npm\node_modules\firebase-tools\lib\frameworks\index.js
- C:\Users\SEAH\AppData\Roaming\npm\node_modules\firebase-tools\lib\deploy\hosting\prepare.js
- C:\Users\SEAH\AppData\Roaming\npm\node_modules\firebase-tools\lib\deploy\hosting\index.js
- C:\Users\SEAH\AppData\Roaming\npm\node_modules\firebase-tools\lib\deploy\index.js
- C:\Users\SEAH\AppData\Roaming\npm\node_modules\firebase-tools\lib\commands\deploy.js
- C:\Users\SEAH\AppData\Roaming\npm\node_modules\firebase-tools\lib\commands\index.js
- C:\Users\SEAH\AppData\Roaming\npm\node_modules\firebase-tools\lib\index.js
- C:\Users\SEAH\AppData\Roaming\npm\node_modules\firebase-tools\lib\bin\cli.js
- C:\Users\SEAH\AppData\Roaming\npm\node_modules\firebase-tools\lib\bin\firebase.js {"code":"MODULE_NOT_FOUND","requireStack":["C:\\Users\\SEAH\\AppData\\Roaming\\npm\\node_modules\\firebase-tools\\lib\\deploy\\functions\\runtimes\\node\\versioning.js","C:\\Users\\SEAH\\AppData\\Roaming\\npm\\node_modules\\firebase-tools\\lib\\deploy\\functions\\runtimes\\node\\index.js","C:\\Users\\SEAH\\AppData\\Roaming\\npm\\node_modules\\firebase-tools\\lib\\deploy\\functions\\runtimes\\index.js","C:\\Users\\SEAH\\AppData\\Roaming\\npm\\node_modules\\firebase-tools\\lib\\deploy\\functions\\prepare.js","C:\\Users\\SEAH\\AppData\\Roaming\\npm\\node_modules\\firebase-tools\\lib\\emulator\\functionsEmulatorShared.js","C:\\Users\\SEAH\\AppData\\Roaming\\npm\\node_modules\\firebase-tools\\lib\\frameworks\\index.js","C:\\Users\\SEAH\\AppData\\Roaming\\npm\\node_modules\\firebase-tools\\lib\\deploy\\hosting\\prepare.js","C:\\Users\\SEAH\\AppData\\Roaming\\npm\\node_modules\\firebase-tools\\lib\\deploy\\hosting\\index.js","C:\\Users\\SEAH\\AppData\\Roaming\\npm\\node_modules\\firebase-tools\\lib\\deploy\\index.js","C:\\Users\\SEAH\\AppData\\Roaming\\npm\\node_modules\\firebase-tools\\lib\\commands\\deploy.js","C:\\Users\\SEAH\\AppData\\Roaming\\npm\\node_modules\\firebase-tools\\lib\\commands\\index.js","C:\\Users\\SEAH\\AppData\\Roaming\\npm\\node_modules\\firebase-tools\\lib\\index.js","C:\\Users\\SEAH\\AppData\\Roaming\\npm\\node_modules\\firebase-tools\\lib\\bin\\cli.js","C:\\Users\\SEAH\\AppData\\Roaming\\npm\\node_modules\\firebase-tools\\lib\\bin\\firebase.js"]}
[debug] [2026-06-01T02:35:59.999Z] checkFunctionsSDKVersion encountered error: Invalid Version:  {}
[debug] [2026-06-01T02:36:00.012Z] > [functions] package.json contents: {
  "name": "seahcm-qhub-functions",
  "description": "SeAH CM Q-Hub Cloud Functions for secure authentication",
  "scripts": {
    "serve": "firebase emulators:start --only functions",
    "shell": "firebase functions:shell",
    "start": "npm run shell",
    "deploy": "firebase deploy --only functions",
    "logs": "firebase functions:log"
  },
  "engines": {
    "node": "20"
  },
  "main": "index.js",
  "dependencies": {
    "firebase-admin": "^12.0.0",
    "firebase-functions": "^4.9.0",
    "bcryptjs": "^2.4.3"
  },
  "private": true
}
[debug] [2026-06-01T02:36:00.014Z] Building nodejs source
[info] i  functions: Loading and analyzing source code for codebase default to determine what to deploy 
[debug] [2026-06-01T02:36:00.015Z] Could not parse firebase-functions version '' into semver.
[debug] [2026-06-01T02:36:00.020Z] Could not find functions.yaml. Must use http discovery
[debug] [2026-06-01T02:36:00.374Z] Error: Cannot find module 'firebase-functions'
Require stack:
- C:\Users\SEAH\AppData\Roaming\npm\node_modules\firebase-tools\lib\deploy\functions\runtimes\node\index.js
- C:\Users\SEAH\AppData\Roaming\npm\node_modules\firebase-tools\lib\deploy\functions\runtimes\index.js
- C:\Users\SEAH\AppData\Roaming\npm\node_modules\firebase-tools\lib\deploy\functions\prepare.js
- C:\Users\SEAH\AppData\Roaming\npm\node_modules\firebase-tools\lib\emulator\functionsEmulatorShared.js
- C:\Users\SEAH\AppData\Roaming\npm\node_modules\firebase-tools\lib\frameworks\index.js
- C:\Users\SEAH\AppData\Roaming\npm\node_modules\firebase-tools\lib\deploy\hosting\prepare.js
- C:\Users\SEAH\AppData\Roaming\npm\node_modules\firebase-tools\lib\deploy\hosting\index.js
- C:\Users\SEAH\AppData\Roaming\npm\node_modules\firebase-tools\lib\deploy\index.js
- C:\Users\SEAH\AppData\Roaming\npm\node_modules\firebase-tools\lib\commands\deploy.js
- C:\Users\SEAH\AppData\Roaming\npm\node_modules\firebase-tools\lib\commands\index.js
- C:\Users\SEAH\AppData\Roaming\npm\node_modules\firebase-tools\lib\index.js
- C:\Users\SEAH\AppData\Roaming\npm\node_modules\firebase-tools\lib\bin\cli.js
- C:\Users\SEAH\AppData\Roaming\npm\node_modules\firebase-tools\lib\bin\firebase.js
    at Module._resolveFilename (node:internal/modules/cjs/loader:1421:15)
    at require.resolve (node:internal/modules/helpers:163:19)
    at Delegate.findFunctionsBinary (C:\Users\SEAH\AppData\Roaming\npm\node_modules\firebase-tools\lib\deploy\functions\runtimes\node\index.js:101:33)
    at Delegate.spawnFunctionsProcess (C:\Users\SEAH\AppData\Roaming\npm\node_modules\firebase-tools\lib\deploy\functions\runtimes\node\index.js:131:30)
    at Delegate.serveAdmin (C:\Users\SEAH\AppData\Roaming\npm\node_modules\firebase-tools\lib\deploy\functions\runtimes\node\index.js:152:35)
    at Delegate.discoverBuild (C:\Users\SEAH\AppData\Roaming\npm\node_modules\firebase-tools\lib\deploy\functions\runtimes\node\index.js:192:41)
    at process.processTicksAndRejections (node:internal/process/task_queues:103:5)
    at async loadCodebases (C:\Users\SEAH\AppData\Roaming\npm\node_modules\firebase-tools\lib\deploy\functions\prepare.js:331:33)
    at async prepare (C:\Users\SEAH\AppData\Roaming\npm\node_modules\firebase-tools\lib\deploy\functions\prepare.js:69:24)
    at async chain (C:\Users\SEAH\AppData\Roaming\npm\node_modules\firebase-tools\lib\deploy\index.js:43:9)
[error] 
[error] Error: An unexpected error has occurred.
